2023/06/03 00:42:25 epoch: 1, lr: 0.0010000, loss: 0.0612, p1: 49.72, p2: 38.81
2023/06/03 01:13:58 epoch: 2, lr: 0.0009500, loss: 0.0354, p1: 46.60, p2: 36.69
2023/06/03 01:45:31 epoch: 3, lr: 0.0009025, loss: 0.0311, p1: 45.65, p2: 36.16
2023/06/03 02:17:04 epoch: 4, lr: 0.0008574, loss: 0.0289, p1: 45.06, p2: 35.87
2023/06/03 02:48:35 epoch: 5, lr: 0.0008145, loss: 0.0275, p1: 45.03, p2: 35.80
2023/06/03 03:20:07 epoch: 6, lr: 0.0004073, loss: 0.0256, p1: 45.00, p2: 35.51
2023/06/03 03:51:39 epoch: 7, lr: 0.0003869, loss: 0.0252, p1: 44.96, p2: 35.65
2023/06/03 04:23:10 epoch: 8, lr: 0.0003675, loss: 0.0248, p1: 44.96, p2: 35.51
2023/06/03 04:54:41 epoch: 9, lr: 0.0003492, loss: 0.0245, p1: 44.88, p2: 35.46
2023/06/03 05:26:12 epoch: 10, lr: 0.0003317, loss: 0.0243, p1: 45.05, p2: 35.68
2023/06/03 05:57:43 epoch: 11, lr: 0.0001659, loss: 0.0237, p1: 45.14, p2: 35.77
2023/06/03 06:29:13 epoch: 12, lr: 0.0001576, loss: 0.0236, p1: 45.49, p2: 36.10
2023/06/03 07:00:44 epoch: 13, lr: 0.0001497, loss: 0.0235, p1: 45.72, p2: 36.25
2023/06/03 07:32:15 epoch: 14, lr: 0.0001422, loss: 0.0234, p1: 44.88, p2: 35.65
INFO: Testing on 543488 frames
INFO: Trainable parameter count: 19.837545 Million
checkpoint/0603_0010_44_81/model_14_4487.pth
100%|████████████████████████████████████████████████████████████████████| 2123/2123 [02:56<00:00, 12.04it/s]
===Action=== ==p#1 mm== =p#2 mm=
Directions    41.49      32.49
Discussion    46.13      36.53
Eating        40.86      33.41
Greeting      43.35      35.38
Phoning       46.92      36.58
Photo         52.41      40.45
Posing        42.24      33.16
Purchases     42.33      32.90
Sitting       54.44      43.76
SittingDown   62.31      49.75
Smoking       45.32      37.25
Waiting       42.48      33.20
WalkDog       47.56      36.93
Walking       32.15      25.62
WalkTogether  33.14      27.27
Average       44.88      35.65
p1: 44.88, p2: 35.65