2023/05/25 01:15:30 epoch: 1, lr: 0.0010000, loss: 0.0528, p1: 49.59, p2: 37.86
2023/05/25 01:46:54 epoch: 2, lr: 0.0009500, loss: 0.0323, p1: 46.10, p2: 36.36
2023/05/25 02:18:19 epoch: 3, lr: 0.0009025, loss: 0.0286, p1: 44.68, p2: 35.58
2023/05/25 02:49:43 epoch: 4, lr: 0.0008574, loss: 0.0269, p1: 45.15, p2: 35.75
2023/05/25 03:23:30 epoch: 5, lr: 0.0008145, loss: 0.0259, p1: 44.46, p2: 35.15
2023/05/25 03:56:34 epoch: 6, lr: 0.0004073, loss: 0.0245, p1: 45.02, p2: 35.71
2023/05/25 04:28:28 epoch: 7, lr: 0.0003869, loss: 0.0241, p1: 45.51, p2: 35.81
2023/05/25 04:59:51 epoch: 8, lr: 0.0003675, loss: 0.0238, p1: 45.38, p2: 35.78
2023/05/25 05:31:15 epoch: 9, lr: 0.0003492, loss: 0.0236, p1: 44.85, p2: 35.48
2023/05/25 06:02:39 epoch: 10, lr: 0.0003317, loss: 0.0234, p1: 45.38, p2: 35.77
2023/05/25 06:34:02 epoch: 11, lr: 0.0001659, loss: 0.0229, p1: 45.17, p2: 35.68
2023/05/25 07:05:26 epoch: 12, lr: 0.0001576, loss: 0.0228, p1: 45.39, p2: 35.86
2023/05/25 07:36:50 epoch: 13, lr: 0.0001497, loss: 0.0227, p1: 45.80, p2: 36.11
2023/05/25 08:08:14 epoch: 14, lr: 0.0001422, loss: 0.0226, p1: 44.95, p2: 35.75
INFO: Testing on 543488 frames
INFO: Trainable parameter count: 19.837545 Million
checkpoint/0525_0043_58_81/model_5_4446.pth
100%|████████████████████████████████████████████████████████████████████| 2123/2123 [02:56<00:00, 12.02it/s]
===Action=== ==p#1 mm== =p#2 mm=
Directions    40.54      31.86
Discussion    44.34      35.19
Eating        40.96      33.14
Greeting      42.58      34.96
Phoning       46.35      35.96
Photo         53.50      41.17
Posing        41.25      32.12
Purchases     41.46      31.98
Sitting       55.18      43.69
SittingDown   62.74      50.03
Smoking       45.14      37.07
Waiting       42.23      32.60
WalkDog       46.97      36.48
Walking       30.91      24.34
WalkTogether  32.79      26.70
Average       44.46      35.15
p1: 44.46, p2: 35.15