2023/06/06 22:46:33 epoch: 1, lr: 0.0010000, loss: 0.0700, p1: 48.20, p2: 37.80
2023/06/06 23:18:13 epoch: 2, lr: 0.0009500, loss: 0.0406, p1: 46.64, p2: 36.38
2023/06/06 23:49:54 epoch: 3, lr: 0.0009025, loss: 0.0360, p1: 44.97, p2: 35.66
2023/06/07 00:21:34 epoch: 4, lr: 0.0008574, loss: 0.0339, p1: 45.44, p2: 36.14
2023/06/07 00:53:13 epoch: 5, lr: 0.0008145, loss: 0.0326, p1: 45.30, p2: 35.83
2023/06/07 01:24:52 epoch: 6, lr: 0.0004073, loss: 0.0307, p1: 45.59, p2: 35.95
2023/06/07 01:56:33 epoch: 7, lr: 0.0003869, loss: 0.0303, p1: 45.71, p2: 35.87
2023/06/07 02:28:11 epoch: 8, lr: 0.0003675, loss: 0.0299, p1: 46.21, p2: 36.08
2023/06/07 02:59:50 epoch: 9, lr: 0.0003492, loss: 0.0296, p1: 45.36, p2: 35.65
2023/06/07 03:31:29 epoch: 10, lr: 0.0003317, loss: 0.0293, p1: 46.27, p2: 36.41
2023/06/07 04:03:07 epoch: 11, lr: 0.0001659, loss: 0.0286, p1: 45.85, p2: 36.05
2023/06/07 04:34:46 epoch: 12, lr: 0.0001576, loss: 0.0285, p1: 46.08, p2: 36.18
2023/06/07 05:06:25 epoch: 13, lr: 0.0001497, loss: 0.0284, p1: 46.68, p2: 36.76
2023/06/07 05:38:04 epoch: 14, lr: 0.0001422, loss: 0.0283, p1: 45.77, p2: 36.31
INFO: Testing on 543488 frames
INFO: Trainable parameter count: 19.837545 Million
checkpoint/0606_2214_44_81/model_3_4496.pth
100%|████████████████████████████████████████████████████████████████████| 2123/2123 [02:56<00:00, 12.06it/s]
===Action=== ==p#1 mm== =p#2 mm=
Directions    41.55      32.44
Discussion    45.65      35.69
Eating        40.61      33.67
Greeting      43.39      35.30
Phoning       46.35      36.18
Photo         52.52      40.71
Posing        42.95      32.95
Purchases     41.76      32.50
Sitting       55.61      44.45
SittingDown   64.05      51.21
Smoking       45.72      37.54
Waiting       42.65      32.83
WalkDog       46.82      36.64
Walking       32.00      25.32
WalkTogether  32.84      27.45
Average       44.97      35.66
p1: 44.97, p2: 35.66
