2023/05/17 13:25:06 epoch: 1, lr: 0.0010000, loss: 0.0556, p1: 47.59, p2: 37.19
2023/05/17 13:54:49 epoch: 2, lr: 0.0009500, loss: 0.0340, p1: 46.47, p2: 36.65
2023/05/17 14:24:32 epoch: 3, lr: 0.0009025, loss: 0.0301, p1: 45.57, p2: 36.20
2023/05/17 14:54:15 epoch: 4, lr: 0.0008574, loss: 0.0281, p1: 44.92, p2: 35.73
2023/05/17 15:23:58 epoch: 5, lr: 0.0008145, loss: 0.0268, p1: 45.17, p2: 36.15
2023/05/17 15:53:42 epoch: 6, lr: 0.0004073, loss: 0.0250, p1: 44.75, p2: 35.60
2023/05/17 16:23:25 epoch: 7, lr: 0.0003869, loss: 0.0246, p1: 45.31, p2: 35.65
2023/05/17 16:53:08 epoch: 8, lr: 0.0003675, loss: 0.0243, p1: 45.38, p2: 36.03
2023/05/17 17:22:52 epoch: 9, lr: 0.0003492, loss: 0.0240, p1: 45.12, p2: 35.73
2023/05/17 17:52:46 epoch: 10, lr: 0.0003317, loss: 0.0238, p1: 45.55, p2: 35.96
2023/05/17 18:23:30 epoch: 11, lr: 0.0001659, loss: 0.0232, p1: 45.23, p2: 35.57
2023/05/17 19:20:24 epoch: 12, lr: 0.0001576, loss: 0.0231, p1: 45.46, p2: 35.77
2023/05/17 19:55:28 epoch: 13, lr: 0.0001497, loss: 0.0230, p1: 44.83, p2: 35.49
2023/05/17 20:50:30 epoch: 14, lr: 0.0001422, loss: 0.0229, p1: 45.16, p2: 35.86
INFO: Testing on 543488 frames
checkpoint/0517_1255_15_81/model_6_4474.pth
100%|████████████████████████████████████████████████████████████████████| 2123/2123 [06:11<00:00,  5.71it/s]
===Action=== ==p#1 mm== =p#2 mm=
Directions    41.75      32.53
Discussion    45.05      35.97
Eating        41.07      33.16
Greeting      43.07      35.15
Phoning       46.28      36.18
Photo         52.48      40.79
Posing        42.24      33.02
Purchases     42.44      33.04
Sitting       54.48      44.09
SittingDown   63.08      51.14
Smoking       44.74      36.80
Waiting       42.32      32.97
WalkDog       46.97      36.74
Walking       31.79      25.22
WalkTogether  33.48      27.17
Average       44.75      35.60
p1: 44.75, p2: 35.60