2023/06/05 01:24:53 epoch: 1, lr: 0.0010000, loss: 0.1114, p1: 74.19, p2: 45.54
2023/06/05 01:56:27 epoch: 2, lr: 0.0009500, loss: 0.0700, p1: 60.73, p2: 47.26
2023/06/05 02:28:01 epoch: 3, lr: 0.0009025, loss: 0.0625, p1: 54.24, p2: 43.23
2023/06/05 02:59:34 epoch: 4, lr: 0.0008574, loss: 0.0581, p1: 51.12, p2: 40.28
2023/06/05 03:31:06 epoch: 5, lr: 0.0008145, loss: 0.0552, p1: 47.48, p2: 37.32
2023/06/05 04:02:38 epoch: 6, lr: 0.0004073, loss: 0.0512, p1: 47.98, p2: 38.05
2023/06/05 04:34:10 epoch: 7, lr: 0.0003869, loss: 0.0502, p1: 47.78, p2: 37.30
2023/06/05 05:05:41 epoch: 8, lr: 0.0003675, loss: 0.0493, p1: 47.30, p2: 37.49
2023/06/05 05:37:12 epoch: 9, lr: 0.0003492, loss: 0.0485, p1: 48.21, p2: 37.64
2023/06/05 06:08:42 epoch: 10, lr: 0.0003317, loss: 0.0479, p1: 48.33, p2: 37.52
2023/06/05 06:40:13 epoch: 11, lr: 0.0001659, loss: 0.0465, p1: 47.52, p2: 37.23
2023/06/05 07:11:42 epoch: 12, lr: 0.0001576, loss: 0.0463, p1: 47.32, p2: 37.31
2023/06/05 07:43:12 epoch: 13, lr: 0.0001497, loss: 0.0460, p1: 48.03, p2: 37.93
2023/06/05 08:14:41 epoch: 14, lr: 0.0001422, loss: 0.0457, p1: 46.99, p2: 37.19
INFO: Testing on 543488 frames
INFO: Trainable parameter count: 19.837545 Million
checkpoint/0605_0053_11_81/model_14_4698.pth
100%|████████████████████████████████████████████████████████████████████| 2123/2123 [02:55<00:00, 12.07it/s]
===Action=== ==p#1 mm== =p#2 mm=
Directions    44.17      34.25
Discussion    48.32      37.58
Eating        45.27      36.11
Greeting      46.01      36.89
Phoning       48.70      37.86
Photo         53.61      41.33
Posing        44.85      34.69
Purchases     44.58      34.09
Sitting       57.31      47.01
SittingDown   63.94      51.64
Smoking       47.79      39.07
Waiting       44.22      34.02
WalkDog       48.94      38.10
Walking       33.02      26.51
WalkTogether  34.08      28.63
Average       46.99      37.19
p1: 46.99, p2: 37.19