2023/05/14 10:57:59 epoch: 1, lr: 0.0010000, loss: 0.0528, p1: 48.27, p2: 37.74
2023/05/14 11:27:48 epoch: 2, lr: 0.0009500, loss: 0.0322, p1: 46.15, p2: 35.94
2023/05/14 11:57:36 epoch: 3, lr: 0.0009025, loss: 0.0284, p1: 46.08, p2: 36.31
2023/05/14 12:27:24 epoch: 4, lr: 0.0008574, loss: 0.0267, p1: 46.12, p2: 36.48
2023/05/14 12:57:11 epoch: 5, lr: 0.0008145, loss: 0.0257, p1: 45.86, p2: 35.95
2023/05/14 13:26:58 epoch: 6, lr: 0.0004073, loss: 0.0242, p1: 45.53, p2: 35.72
2023/05/14 13:56:46 epoch: 7, lr: 0.0003869, loss: 0.0238, p1: 44.71, p2: 35.30
2023/05/14 14:26:33 epoch: 8, lr: 0.0003675, loss: 0.0236, p1: 45.52, p2: 35.87
2023/05/14 14:56:20 epoch: 9, lr: 0.0003492, loss: 0.0234, p1: 46.22, p2: 36.26
2023/05/14 15:26:07 epoch: 10, lr: 0.0003317, loss: 0.0232, p1: 45.84, p2: 35.90
2023/05/14 15:55:55 epoch: 11, lr: 0.0001659, loss: 0.0226, p1: 45.42, p2: 35.66
2023/05/14 16:25:42 epoch: 12, lr: 0.0001576, loss: 0.0225, p1: 45.66, p2: 35.91
2023/05/14 16:55:30 epoch: 13, lr: 0.0001497, loss: 0.0224, p1: 45.77, p2: 36.01
2023/05/14 17:25:17 epoch: 14, lr: 0.0001422, loss: 0.0223, p1: 45.69, p2: 36.04
INFO: Testing on 543488 frames
checkpoint/0514_1028_02_81/model_7_4471.pth
100%|████████████████████████████████████████████████████████████████████| 2123/2123 [02:46<00:00, 12.71it/s]
===Action=== ==p#1 mm== =p#2 mm=
Directions    41.17      32.14
Discussion    45.82      35.72
Eating        40.97      33.21
Greeting      43.31      35.26
Phoning       46.82      36.17
Photo         52.22      40.22
Posing        42.41      32.65
Purchases     42.34      32.81
Sitting       54.17      43.76
SittingDown   62.52      50.13
Smoking       45.10      36.93
Waiting       42.41      32.86
WalkDog       47.03      36.00
Walking       31.63      24.91
WalkTogether  32.78      26.77
Average       44.71      35.30
p1: 44.71, p2: 35.30
