2023/06/04 16:49:08 epoch: 1, lr: 0.0010000, loss: 0.0772, p1: 49.64, p2: 37.68
2023/06/04 17:20:37 epoch: 2, lr: 0.0009500, loss: 0.0475, p1: 45.74, p2: 36.08
2023/06/04 17:52:07 epoch: 3, lr: 0.0009025, loss: 0.0423, p1: 44.30, p2: 35.15
2023/06/04 18:23:35 epoch: 4, lr: 0.0008574, loss: 0.0398, p1: 45.47, p2: 36.09
2023/06/04 18:55:04 epoch: 5, lr: 0.0008145, loss: 0.0384, p1: 44.53, p2: 35.26
2023/06/04 19:26:32 epoch: 6, lr: 0.0004073, loss: 0.0361, p1: 45.05, p2: 35.58
2023/06/04 19:58:00 epoch: 7, lr: 0.0003869, loss: 0.0356, p1: 45.21, p2: 35.46
2023/06/04 20:29:28 epoch: 8, lr: 0.0003675, loss: 0.0352, p1: 45.84, p2: 35.68
2023/06/04 21:00:56 epoch: 9, lr: 0.0003492, loss: 0.0348, p1: 45.09, p2: 35.62
2023/06/04 21:32:25 epoch: 10, lr: 0.0003317, loss: 0.0345, p1: 45.91, p2: 36.04
2023/06/04 22:03:52 epoch: 11, lr: 0.0001659, loss: 0.0338, p1: 45.34, p2: 35.67
2023/06/04 22:35:20 epoch: 12, lr: 0.0001576, loss: 0.0336, p1: 45.76, p2: 35.90
2023/06/04 23:06:48 epoch: 13, lr: 0.0001497, loss: 0.0335, p1: 46.28, p2: 36.44
2023/06/04 23:38:15 epoch: 14, lr: 0.0001422, loss: 0.0333, p1: 45.31, p2: 36.00
INFO: Testing on 543488 frames
INFO: Trainable parameter count: 19.837545 Million
checkpoint/0604_1617_30_81/model_3_4430.pth
100%|████████████████████████████████████████████████████████████████████| 2123/2123 [02:56<00:00, 12.03it/s]
===Action=== ==p#1 mm== =p#2 mm=
Directions    40.85      31.99
Discussion    45.01      35.44
Eating        40.63      32.62
Greeting      42.71      35.05
Phoning       45.54      35.92
Photo         52.02      40.08
Posing        42.11      32.40
Purchases     41.43      32.66
Sitting       54.10      43.46
SittingDown   62.42      50.02
Smoking       44.65      36.83
Waiting       42.22      32.66
WalkDog       46.60      36.88
Walking       31.74      24.68
WalkTogether  32.48      26.63
Average       44.30      35.15
p1: 44.30, p2: 35.15