2023/05/14 18:43:14 epoch: 1, lr: 0.0010000, loss: 0.0709, p1: 50.61, p2: 40.00
2023/05/14 19:13:17 epoch: 2, lr: 0.0009500, loss: 0.0393, p1: 48.17, p2: 37.87
2023/05/14 19:43:21 epoch: 3, lr: 0.0009025, loss: 0.0338, p1: 47.30, p2: 37.17
2023/05/14 20:13:24 epoch: 4, lr: 0.0008574, loss: 0.0309, p1: 48.15, p2: 37.30
2023/05/14 20:43:27 epoch: 5, lr: 0.0008145, loss: 0.0291, p1: 46.61, p2: 36.46
2023/05/14 21:13:30 epoch: 6, lr: 0.0004073, loss: 0.0268, p1: 46.46, p2: 36.67
2023/05/14 21:43:32 epoch: 7, lr: 0.0003869, loss: 0.0262, p1: 46.34, p2: 36.60
2023/05/14 22:13:35 epoch: 8, lr: 0.0003675, loss: 0.0258, p1: 46.46, p2: 36.55
2023/05/14 22:43:37 epoch: 9, lr: 0.0003492, loss: 0.0253, p1: 47.43, p2: 36.87
2023/05/14 23:13:39 epoch: 10, lr: 0.0003317, loss: 0.0250, p1: 46.70, p2: 36.66
2023/05/14 23:43:42 epoch: 11, lr: 0.0001659, loss: 0.0243, p1: 46.29, p2: 36.37
2023/05/15 00:13:44 epoch: 12, lr: 0.0001576, loss: 0.0242, p1: 46.77, p2: 36.66
2023/05/15 00:43:46 epoch: 13, lr: 0.0001497, loss: 0.0240, p1: 47.57, p2: 36.72
2023/05/15 01:13:48 epoch: 14, lr: 0.0001422, loss: 0.0239, p1: 46.37, p2: 36.52
INFO: Testing on 543488 frames
checkpoint/0514_1813_03_81/model_11_4628.pth
100%|████████████████████████████████████████████████████████████████████| 2123/2123 [02:48<00:00, 12.58it/s]
===Action=== ==p#1 mm== =p#2 mm=
Directions    43.32      33.44
Discussion    46.98      36.73
Eating        42.81      34.06
Greeting      45.09      35.95
Phoning       47.67      36.71
Photo         55.13      42.51
Posing        43.87      34.03
Purchases     44.16      34.25
Sitting       55.95      45.35
SittingDown   64.06      50.90
Smoking       46.95      37.87
Waiting       43.73      33.34
WalkDog       47.53      36.79
Walking       33.07      25.87
WalkTogether  33.99      27.75
Average       46.29      36.37
p1: 46.29, p2: 36.37