2023/05/16 16:07:04 epoch: 1, lr: 0.0010000, loss: 0.0507, p1: 57.46, p2: 45.32
2023/05/16 16:32:43 epoch: 2, lr: 0.0009500, loss: 0.0293, p1: 56.64, p2: 45.18
2023/05/16 16:58:14 epoch: 3, lr: 0.0009025, loss: 0.0262, p1: 52.30, p2: 42.89
2023/05/16 17:23:43 epoch: 4, lr: 0.0008574, loss: 0.0246, p1: 57.13, p2: 44.62
2023/05/16 17:49:16 epoch: 5, lr: 0.0008145, loss: 0.0235, p1: 53.03, p2: 43.04
2023/05/16 18:14:46 epoch: 6, lr: 0.0004073, loss: 0.0219, p1: 52.28, p2: 40.33
2023/05/16 18:40:38 epoch: 7, lr: 0.0003869, loss: 0.0216, p1: 50.98, p2: 40.10
2023/05/16 19:07:16 epoch: 8, lr: 0.0003675, loss: 0.0213, p1: 53.35, p2: 40.91
2023/05/16 19:33:41 epoch: 9, lr: 0.0003492, loss: 0.0211, p1: 52.73, p2: 41.50
2023/05/16 19:59:10 epoch: 10, lr: 0.0003317, loss: 0.0209, p1: 51.04, p2: 40.21
2023/05/16 20:24:40 epoch: 11, lr: 0.0001659, loss: 0.0204, p1: 50.98, p2: 39.59
2023/05/16 20:50:08 epoch: 12, lr: 0.0001576, loss: 0.0203, p1: 52.04, p2: 39.42
2023/05/16 21:15:37 epoch: 13, lr: 0.0001497, loss: 0.0203, p1: 50.48, p2: 39.23
2023/05/16 21:41:06 epoch: 14, lr: 0.0001422, loss: 0.0202, p1: 52.57, p2: 40.21
INFO: Testing on 543488 frames
checkpoint/0516_1541_20_81/model_13_5047.pth
100%|████████████████████████████████████████████████████████████████████| 2123/2123 [02:36<00:00, 13.60it/s]
===Action=== ==p#1 mm== =p#2 mm=
Directions    46.59      35.63
Discussion    50.26      39.03
Eating        47.16      37.27
Greeting      48.14      38.76
Phoning       52.54      40.26
Photo         60.96      46.26
Posing        46.67      35.55
Purchases     46.57      34.61
Sitting       60.84      48.01
SittingDown   71.49      55.24
Smoking       50.49      40.19
Waiting       47.63      36.50
WalkDog       52.18      40.99
Walking       36.68      28.29
WalkTogether  38.96      31.81
Average       50.48      39.23
p1: 50.48, p2: 39.23