2023/05/16 23:27:15 epoch: 1, lr: 0.0010000, loss: 0.0527, p1: 47.10, p2: 37.57
2023/05/16 23:57:05 epoch: 2, lr: 0.0009500, loss: 0.0323, p1: 45.85, p2: 36.16
2023/05/17 00:27:04 epoch: 3, lr: 0.0009025, loss: 0.0285, p1: 45.28, p2: 35.84
2023/05/17 00:58:10 epoch: 4, lr: 0.0008574, loss: 0.0268, p1: 44.78, p2: 35.80
2023/05/17 01:28:25 epoch: 5, lr: 0.0008145, loss: 0.0258, p1: 44.84, p2: 35.81
2023/05/17 02:15:47 epoch: 6, lr: 0.0004073, loss: 0.0242, p1: 45.10, p2: 35.73
2023/05/17 03:07:54 epoch: 7, lr: 0.0003869, loss: 0.0239, p1: 45.07, p2: 35.60
2023/05/17 03:37:39 epoch: 8, lr: 0.0003675, loss: 0.0236, p1: 45.63, p2: 36.06
2023/05/17 04:07:25 epoch: 9, lr: 0.0003492, loss: 0.0235, p1: 45.45, p2: 35.89
2023/05/17 04:37:11 epoch: 10, lr: 0.0003317, loss: 0.0232, p1: 45.33, p2: 35.88
2023/05/17 05:06:57 epoch: 11, lr: 0.0001659, loss: 0.0227, p1: 45.38, p2: 35.81
2023/05/17 05:38:01 epoch: 12, lr: 0.0001576, loss: 0.0226, p1: 45.08, p2: 35.84
2023/05/17 06:15:01 epoch: 13, lr: 0.0001497, loss: 0.0225, p1: 46.32, p2: 36.35
2023/05/17 07:07:16 epoch: 14, lr: 0.0001422, loss: 0.0225, p1: 45.47, p2: 36.04
INFO: Testing on 543488 frames
checkpoint/0516_2257_19_81/model_4_4478.pth
100%|████████████████████████████████████████████████████████████████████| 2123/2123 [02:46<00:00, 12.76it/s]
===Action=== ==p#1 mm== =p#2 mm=
Directions    40.82      32.67
Discussion    45.68      36.35
Eating        40.53      33.16
Greeting      43.19      35.73
Phoning       46.42      36.39
Photo         53.00      40.89
Posing        42.27      33.39
Purchases     42.94      33.37
Sitting       54.28      43.95
SittingDown   61.92      50.31
Smoking       45.04      37.18
Waiting       43.11      33.68
WalkDog       47.56      37.01
Walking       31.74      25.32
WalkTogether  33.26      27.65
Average       44.78      35.80
p1: 44.78, p2: 35.80