2023/06/12 05:47:15 epoch: 1, lr: 0.0010000, loss: 0.0618, p1: 50.81, p2: 39.35
2023/06/12 07:07:48 epoch: 2, lr: 0.0009500, loss: 0.0357, p1: 48.12, p2: 37.33
2023/06/12 09:06:45 epoch: 3, lr: 0.0009025, loss: 0.0311, p1: 48.90, p2: 37.68
2023/06/12 11:10:17 epoch: 4, lr: 0.0008574, loss: 0.0288, p1: 49.14, p2: 37.89
2023/06/12 13:13:40 epoch: 5, lr: 0.0008145, loss: 0.0274, p1: 48.83, p2: 37.66
2023/06/12 15:17:10 epoch: 6, lr: 0.0004073, loss: 0.0256, p1: 48.91, p2: 37.72
2023/06/12 17:22:09 epoch: 7, lr: 0.0003869, loss: 0.0251, p1: 49.13, p2: 38.01
2023/06/12 18:46:29 epoch: 8, lr: 0.0003675, loss: 0.0248, p1: 48.72, p2: 37.91
2023/06/12 20:48:59 epoch: 9, lr: 0.0003492, loss: 0.0245, p1: 48.99, p2: 37.97
2023/06/12 22:48:30 epoch: 10, lr: 0.0003317, loss: 0.0241, p1: 49.82, p2: 38.36
2023/06/13 00:48:36 epoch: 11, lr: 0.0001659, loss: 0.0236, p1: 49.16, p2: 38.09
2023/06/13 02:54:07 epoch: 12, lr: 0.0001576, loss: 0.0234, p1: 49.26, p2: 38.07
2023/06/13 04:18:13 epoch: 13, lr: 0.0001497, loss: 0.0233, p1: 49.73, p2: 38.32
2023/06/13 05:38:43 epoch: 14, lr: 0.0001422, loss: 0.0231, p1: 49.51, p2: 38.05
INFO: Testing on 543488 frames
INFO: Trainable parameter count: 20.169577 Million
checkpoint/0612_0426_31_81/model_2_4812.pth
100%|████████████████████████████████████████████████████████████████████| 2123/2123 [07:33<00:00,  4.68it/s]
===Action=== ==p#1 mm== =p#2 mm=
Directions    45.31      33.94
Discussion    48.47      37.72
Eating        45.51      35.35
Greeting      46.77      37.64
Phoning       48.51      37.65
Photo         56.86      42.86
Posing        45.75      34.36
Purchases     46.44      35.10
Sitting       58.32      46.66
SittingDown   65.64      52.38
Smoking       47.59      38.50
Waiting       45.23      34.09
WalkDog       50.22      38.76
Walking       34.40      26.22
WalkTogether  36.83      28.70
Average       48.12      37.33
p1: 48.12, p2: 37.33
