2023/06/01 02:31:15 epoch: 1, lr: 0.0010000, loss: 0.0553, p1: 48.79, p2: 38.16
2023/06/01 04:29:28 epoch: 2, lr: 0.0009500, loss: 0.0338, p1: 48.01, p2: 37.34
2023/06/01 06:27:41 epoch: 3, lr: 0.0009025, loss: 0.0295, p1: 46.16, p2: 36.19
2023/06/01 08:25:54 epoch: 4, lr: 0.0008574, loss: 0.0275, p1: 46.05, p2: 36.33
2023/06/01 10:24:02 epoch: 5, lr: 0.0008145, loss: 0.0262, p1: 46.52, p2: 35.99
2023/06/01 12:22:13 epoch: 6, lr: 0.0004073, loss: 0.0245, p1: 46.35, p2: 36.23
2023/06/01 14:20:27 epoch: 7, lr: 0.0003869, loss: 0.0241, p1: 45.69, p2: 36.15
2023/06/01 16:18:41 epoch: 8, lr: 0.0003675, loss: 0.0237, p1: 46.16, p2: 36.32
2023/06/01 18:16:53 epoch: 9, lr: 0.0003492, loss: 0.0235, p1: 46.13, p2: 36.33
2023/06/01 20:15:04 epoch: 10, lr: 0.0003317, loss: 0.0233, p1: 46.19, p2: 36.48
2023/06/01 22:13:17 epoch: 11, lr: 0.0001659, loss: 0.0227, p1: 46.10, p2: 36.13
2023/06/02 00:11:31 epoch: 12, lr: 0.0001576, loss: 0.0226, p1: 46.12, p2: 36.67
2023/06/02 02:09:45 epoch: 13, lr: 0.0001497, loss: 0.0225, p1: 45.91, p2: 35.96
2023/06/02 04:07:58 epoch: 14, lr: 0.0001422, loss: 0.0224, p1: 46.59, p2: 36.70
INFO: Testing on 543488 frames
INFO: Trainable parameter count: 20.279459 Million
checkpoint/0601_0032_55_81/model_7_4568.pth
100%|████████████████████████████████████████████████████████████████████| 2123/2123 [12:16<00:00,  2.88it/s]
===Action=== ==p#1 mm== =p#2 mm=
Directions    41.81      32.44
Discussion    46.94      36.69
Eating        42.06      34.48
Greeting      43.56      35.56
Phoning       47.07      36.65
Photo         53.55      41.02
Posing        43.12      33.07
Purchases     44.38      33.43
Sitting       56.40      45.76
SittingDown   64.46      52.64
Smoking       45.89      37.78
Waiting       43.01      33.20
WalkDog       47.57      36.86
Walking       31.79      25.40
WalkTogether  33.70      27.32
Average       45.69      36.15
p1: 45.69, p2: 36.15