2023/06/06 01:02:17 epoch: 1, lr: 0.0010000, loss: 0.0753, p1: 47.52, p2: 36.57
2023/06/06 01:36:35 epoch: 2, lr: 0.0009500, loss: 0.0465, p1: 46.32, p2: 36.43
2023/06/06 02:10:31 epoch: 3, lr: 0.0009025, loss: 0.0418, p1: 44.45, p2: 35.14
2023/06/06 02:44:29 epoch: 4, lr: 0.0008574, loss: 0.0395, p1: 46.00, p2: 36.04
2023/06/06 03:18:25 epoch: 5, lr: 0.0008145, loss: 0.0382, p1: 45.06, p2: 35.84
2023/06/06 03:52:21 epoch: 6, lr: 0.0004073, loss: 0.0359, p1: 44.20, p2: 34.96
2023/06/06 04:26:16 epoch: 7, lr: 0.0003869, loss: 0.0355, p1: 44.81, p2: 35.28
2023/06/06 05:00:12 epoch: 8, lr: 0.0003675, loss: 0.0351, p1: 44.61, p2: 35.42
2023/06/06 05:34:07 epoch: 9, lr: 0.0003492, loss: 0.0347, p1: 44.90, p2: 35.62
2023/06/06 06:08:02 epoch: 10, lr: 0.0003317, loss: 0.0345, p1: 45.18, p2: 35.86
2023/06/06 06:41:58 epoch: 11, lr: 0.0001659, loss: 0.0337, p1: 45.44, p2: 35.95
2023/06/06 07:15:54 epoch: 12, lr: 0.0001576, loss: 0.0335, p1: 44.94, p2: 35.61
2023/06/06 07:49:49 epoch: 13, lr: 0.0001497, loss: 0.0334, p1: 44.93, p2: 35.58
2023/06/06 08:23:45 epoch: 14, lr: 0.0001422, loss: 0.0332, p1: 45.13, p2: 35.72
INFO: Testing on 543488 frames
INFO: Trainable parameter count: 21.516501 Million
checkpoint/0606_0028_13_81/model_6_4420.pth
100%|████████████████████████████████████████████████████████████████████| 2123/2123 [03:09<00:00, 11.22it/s]
===Action=== ==p#1 mm== =p#2 mm=
Directions    40.65      31.81
Discussion    44.38      35.18
Eating        39.93      32.63
Greeting      42.27      34.66
Phoning       46.48      35.88
Photo         53.45      40.71
Posing        41.12      31.91
Purchases     41.66      32.56
Sitting       55.14      43.74
SittingDown   62.28      50.28
Smoking       44.84      36.38
Waiting       42.22      32.59
WalkDog       46.47      35.97
Walking       30.61      24.28
WalkTogether  31.60      25.87
Average       44.20      34.96
p1: 44.20, p2: 34.96
