2023/06/03 16:31:35 epoch: 1, lr: 0.0010000, loss: 0.0935, p1: 54.31, p2: 41.78
2023/06/03 17:03:05 epoch: 2, lr: 0.0009500, loss: 0.0532, p1: 50.15, p2: 39.27
2023/06/03 17:34:35 epoch: 3, lr: 0.0009025, loss: 0.0465, p1: 48.94, p2: 38.08
2023/06/03 18:06:04 epoch: 4, lr: 0.0008574, loss: 0.0432, p1: 48.42, p2: 37.84
2023/06/03 18:37:32 epoch: 5, lr: 0.0008145, loss: 0.0410, p1: 47.34, p2: 37.04
2023/06/03 19:09:00 epoch: 6, lr: 0.0004073, loss: 0.0382, p1: 48.69, p2: 37.40
2023/06/03 19:40:28 epoch: 7, lr: 0.0003869, loss: 0.0375, p1: 48.10, p2: 37.29
2023/06/03 20:11:55 epoch: 8, lr: 0.0003675, loss: 0.0368, p1: 48.41, p2: 37.14
2023/06/03 20:43:23 epoch: 9, lr: 0.0003492, loss: 0.0362, p1: 48.40, p2: 37.39
2023/06/03 21:14:50 epoch: 10, lr: 0.0003317, loss: 0.0358, p1: 48.39, p2: 37.33
2023/06/03 21:46:18 epoch: 11, lr: 0.0001659, loss: 0.0348, p1: 48.24, p2: 37.36
2023/06/03 22:17:44 epoch: 12, lr: 0.0001576, loss: 0.0346, p1: 48.37, p2: 37.36
2023/06/03 22:49:12 epoch: 13, lr: 0.0001497, loss: 0.0344, p1: 48.89, p2: 37.33
2023/06/03 23:20:39 epoch: 14, lr: 0.0001422, loss: 0.0342, p1: 48.08, p2: 37.39
INFO: Testing on 543488 frames
INFO: Trainable parameter count: 19.837545 Million
checkpoint/0603_1559_56_81/model_5_4733.pth
100%|████████████████████████████████████████████████████████████████████| 2123/2123 [02:56<00:00, 12.03it/s]
===Action=== ==p#1 mm== =p#2 mm=
Directions    44.16      33.26
Discussion    47.41      36.82
Eating        43.01      34.65
Greeting      45.68      37.11
Phoning       48.59      37.25
Photo         56.94      43.35
Posing        44.73      34.57
Purchases     42.68      32.56
Sitting       58.77      46.84
SittingDown   65.88      52.57
Smoking       48.39      38.56
Waiting       44.44      33.65
WalkDog       49.43      38.22
Walking       33.70      26.73
WalkTogether  36.27      29.41
Average       47.34      37.04
p1: 47.34, p2: 37.04