2023/06/02 16:52:31 epoch: 1, lr: 0.0010000, loss: 0.1332, p1: 48.31, p2: 37.42
2023/06/02 17:24:02 epoch: 2, lr: 0.0009500, loss: 0.0833, p1: 46.43, p2: 36.13
2023/06/02 17:55:33 epoch: 3, lr: 0.0009025, loss: 0.0743, p1: 45.05, p2: 35.57
2023/06/02 18:27:03 epoch: 4, lr: 0.0008574, loss: 0.0700, p1: 45.26, p2: 35.32
2023/06/02 18:58:33 epoch: 5, lr: 0.0008145, loss: 0.0674, p1: 45.24, p2: 35.53
2023/06/02 19:30:03 epoch: 6, lr: 0.0004073, loss: 0.0635, p1: 45.21, p2: 35.25
2023/06/02 20:01:33 epoch: 7, lr: 0.0003869, loss: 0.0626, p1: 44.99, p2: 35.21
2023/06/02 20:33:03 epoch: 8, lr: 0.0003675, loss: 0.0619, p1: 45.93, p2: 35.37
2023/06/02 21:04:32 epoch: 9, lr: 0.0003492, loss: 0.0612, p1: 45.32, p2: 35.12
2023/06/02 21:36:02 epoch: 10, lr: 0.0003317, loss: 0.0607, p1: 45.74, p2: 35.54
2023/06/02 22:07:30 epoch: 11, lr: 0.0001659, loss: 0.0594, p1: 45.18, p2: 35.25
2023/06/02 22:38:59 epoch: 12, lr: 0.0001576, loss: 0.0592, p1: 46.01, p2: 35.88
2023/06/02 23:10:28 epoch: 13, lr: 0.0001497, loss: 0.0589, p1: 46.42, p2: 36.12
2023/06/02 23:41:57 epoch: 14, lr: 0.0001422, loss: 0.0586, p1: 45.04, p2: 35.44
INFO: Testing on 543488 frames
INFO: Trainable parameter count: 19.837545 Million
checkpoint/0602_1620_52_81/model_7_4498.pth
100%|████████████████████████████████████████████████████████████████████| 2123/2123 [02:57<00:00, 11.95it/s]
===Action=== ==p#1 mm== =p#2 mm=
Directions    41.72      32.31
Discussion    46.04      35.90
Eating        41.25      33.15
Greeting      43.20      34.95
Phoning       47.01      36.38
Photo         52.95      40.59
Posing        42.87      32.49
Purchases     41.97      32.33
Sitting       54.32      43.14
SittingDown   62.30      49.75
Smoking       45.15      36.61
Waiting       42.85      32.62
WalkDog       47.81      36.85
Walking       31.83      24.43
WalkTogether  33.52      26.59
Average       44.99      35.21
p1: 44.99, p2: 35.21
