2023/05/18 00:09:32 epoch: 1, lr: 0.0010000, loss: 0.0525, p1: 47.39, p2: 37.11
2023/05/18 00:43:25 epoch: 2, lr: 0.0009500, loss: 0.0319, p1: 45.94, p2: 36.34
2023/05/18 01:17:14 epoch: 3, lr: 0.0009025, loss: 0.0284, p1: 44.38, p2: 35.39
2023/05/18 01:51:02 epoch: 4, lr: 0.0008574, loss: 0.0268, p1: 46.92, p2: 36.27
2023/05/18 02:24:56 epoch: 5, lr: 0.0008145, loss: 0.0259, p1: 45.65, p2: 36.02
2023/05/18 03:20:42 epoch: 6, lr: 0.0004073, loss: 0.0244, p1: 44.87, p2: 35.26
2023/05/18 04:08:57 epoch: 7, lr: 0.0003869, loss: 0.0240, p1: 45.35, p2: 35.62
2023/05/18 04:54:38 epoch: 8, lr: 0.0003675, loss: 0.0238, p1: 44.92, p2: 35.36
2023/05/18 05:34:15 epoch: 9, lr: 0.0003492, loss: 0.0235, p1: 45.09, p2: 35.62
2023/05/18 06:43:19 epoch: 10, lr: 0.0003317, loss: 0.0234, p1: 45.45, p2: 35.79
2023/05/18 07:23:18 epoch: 11, lr: 0.0001659, loss: 0.0228, p1: 45.80, p2: 36.00
2023/05/18 07:57:06 epoch: 12, lr: 0.0001576, loss: 0.0227, p1: 45.48, p2: 35.64
2023/05/18 08:30:52 epoch: 13, lr: 0.0001497, loss: 0.0226, p1: 45.46, p2: 35.67
2023/05/18 09:04:39 epoch: 14, lr: 0.0001422, loss: 0.0225, p1: 45.77, p2: 35.95
INFO: Testing on 543488 frames
checkpoint/0517_2335_24_81/model_3_4438.pth
100%|████████████████████████████████████████████████████████████████████| 2123/2123 [03:09<00:00, 11.23it/s]
===Action=== ==p#1 mm== =p#2 mm=
Directions    39.97      32.12
Discussion    43.65      35.31
Eating        40.75      33.44
Greeting      42.82      35.06
Phoning       46.00      35.83
Photo         53.27      40.74
Posing        41.09      32.29
Purchases     41.34      32.82
Sitting       54.71      44.04
SittingDown   63.50      51.11
Smoking       44.81      36.71
Waiting       42.19      32.70
WalkDog       46.71      36.43
Walking       31.99      25.24
WalkTogether  32.92      26.96
Average       44.38      35.39
p1: 44.38, p2: 35.39