2023/05/30 02:44:46 epoch: 1, lr: 0.0010000, loss: 0.0523, p1: 46.57, p2: 36.96
2023/05/30 03:21:32 epoch: 2, lr: 0.0009500, loss: 0.0319, p1: 45.94, p2: 36.20
2023/05/30 04:16:07 epoch: 3, lr: 0.0009025, loss: 0.0284, p1: 44.41, p2: 35.46
2023/05/30 05:10:43 epoch: 4, lr: 0.0008574, loss: 0.0268, p1: 46.19, p2: 35.80
2023/05/30 06:05:17 epoch: 5, lr: 0.0008145, loss: 0.0258, p1: 44.94, p2: 35.63
2023/05/30 06:59:52 epoch: 6, lr: 0.0004073, loss: 0.0243, p1: 44.72, p2: 35.40
2023/05/30 07:54:27 epoch: 7, lr: 0.0003869, loss: 0.0240, p1: 44.99, p2: 35.57
2023/05/30 08:49:00 epoch: 8, lr: 0.0003675, loss: 0.0237, p1: 44.68, p2: 35.50
2023/05/30 09:43:35 epoch: 9, lr: 0.0003492, loss: 0.0235, p1: 44.85, p2: 35.48
2023/05/30 10:29:13 epoch: 10, lr: 0.0003317, loss: 0.0234, p1: 44.99, p2: 35.70
2023/05/30 11:03:08 epoch: 11, lr: 0.0001659, loss: 0.0228, p1: 45.33, p2: 35.98
2023/05/30 11:37:03 epoch: 12, lr: 0.0001576, loss: 0.0227, p1: 44.97, p2: 35.61
2023/05/30 12:10:58 epoch: 13, lr: 0.0001497, loss: 0.0226, p1: 44.91, p2: 35.55
2023/05/30 12:44:53 epoch: 14, lr: 0.0001422, loss: 0.0225, p1: 45.17, p2: 35.82
INFO: Testing on 543488 frames
INFO: Trainable parameter count: 21.516501 Million
checkpoint/0530_0209_18_81/model_3_4440.pth
100%|████████████████████████████████████████████████████████████████████| 2123/2123 [03:09<00:00, 11.22it/s]
===Action=== ==p#1 mm== =p#2 mm=
Directions    39.80      31.90
Discussion    44.30      35.60
Eating        40.07      32.68
Greeting      42.92      35.29
Phoning       45.98      36.03
Photo         53.74      41.30
Posing        41.33      32.40
Purchases     41.21      33.14
Sitting       55.73      44.48
SittingDown   63.02      50.80
Smoking       45.03      36.99
Waiting       42.64      33.13
WalkDog       46.57      36.34
Walking       31.52      25.19
WalkTogether  32.22      26.67
Average       44.41      35.46
p1: 44.41, p2: 35.46