2023/05/23 19:32:21 epoch: 1, lr: 0.0010000, loss: 0.0519, p1: 47.39, p2: 37.16
2023/05/23 20:03:02 epoch: 2, lr: 0.0009500, loss: 0.0295, p1: 46.59, p2: 36.39
2023/05/23 20:33:45 epoch: 3, lr: 0.0009025, loss: 0.0261, p1: 46.28, p2: 35.98
2023/05/23 21:04:27 epoch: 4, lr: 0.0008574, loss: 0.0245, p1: 45.77, p2: 36.14
2023/05/23 21:36:52 epoch: 5, lr: 0.0008145, loss: 0.0236, p1: 45.60, p2: 35.95
2023/05/23 22:07:35 epoch: 6, lr: 0.0004073, loss: 0.0222, p1: 45.35, p2: 35.82
2023/05/23 22:38:16 epoch: 7, lr: 0.0003869, loss: 0.0218, p1: 45.77, p2: 35.81
2023/05/23 23:08:58 epoch: 8, lr: 0.0003675, loss: 0.0216, p1: 45.73, p2: 35.91
2023/05/23 23:39:40 epoch: 9, lr: 0.0003492, loss: 0.0214, p1: 45.60, p2: 35.83
2023/05/24 00:10:21 epoch: 10, lr: 0.0003317, loss: 0.0212, p1: 45.31, p2: 35.74
2023/05/24 00:41:03 epoch: 11, lr: 0.0001659, loss: 0.0208, p1: 45.62, p2: 35.92
2023/05/24 01:11:44 epoch: 12, lr: 0.0001576, loss: 0.0207, p1: 46.37, p2: 36.08
2023/05/24 01:42:26 epoch: 13, lr: 0.0001497, loss: 0.0206, p1: 46.15, p2: 36.06
2023/05/24 02:13:08 epoch: 14, lr: 0.0001422, loss: 0.0205, p1: 46.08, p2: 36.05
INFO: Testing on 543488 frames
checkpoint/0523_1901_30_81/model_10_4530.pth
100%|████████████████████████████████████████████████████████████████████| 2123/2123 [02:58<00:00, 11.90it/s]
===Action=== ==p#1 mm== =p#2 mm=
Directions    41.41      32.32
Discussion    45.73      35.68
Eating        42.72      34.59
Greeting      43.86      35.64
Phoning       47.64      36.60
Photo         53.68      41.19
Posing        42.54      32.58
Purchases     43.07      33.23
Sitting       55.65      45.33
SittingDown   63.25      50.37
Smoking       45.82      37.33
Waiting       42.80      32.79
WalkDog       46.89      36.52
Walking       31.34      24.73
WalkTogether  33.22      27.18
Average       45.31      35.74
p1: 45.31, p2: 35.74
