2023/05/22 03:44:45 epoch: 1, lr: 0.0010000, loss: 0.0821, p1: 55.33, p2: 43.05
2023/05/22 05:16:53 epoch: 2, lr: 0.0009500, loss: 0.0442, p1: 52.43, p2: 39.88
2023/05/22 06:49:02 epoch: 3, lr: 0.0009025, loss: 0.0380, p1: 50.53, p2: 38.32
2023/05/22 08:21:09 epoch: 4, lr: 0.0008574, loss: 0.0347, p1: 50.38, p2: 38.21
2023/05/22 09:53:16 epoch: 5, lr: 0.0008145, loss: 0.0326, p1: 49.77, p2: 37.92
2023/05/22 11:25:21 epoch: 6, lr: 0.0004073, loss: 0.0304, p1: 49.03, p2: 37.70
2023/05/22 12:57:27 epoch: 7, lr: 0.0003869, loss: 0.0297, p1: 49.76, p2: 37.54
2023/05/22 14:29:32 epoch: 8, lr: 0.0003675, loss: 0.0292, p1: 48.84, p2: 37.20
2023/05/22 16:01:39 epoch: 9, lr: 0.0003492, loss: 0.0287, p1: 49.83, p2: 37.48
2023/05/22 17:33:46 epoch: 10, lr: 0.0003317, loss: 0.0283, p1: 49.67, p2: 37.79
2023/05/22 19:05:52 epoch: 11, lr: 0.0001659, loss: 0.0276, p1: 49.66, p2: 37.47
2023/05/22 20:37:58 epoch: 12, lr: 0.0001576, loss: 0.0275, p1: 49.10, p2: 37.37
2023/05/22 22:10:04 epoch: 13, lr: 0.0001497, loss: 0.0272, p1: 49.31, p2: 37.49
2023/05/22 23:42:10 epoch: 14, lr: 0.0001422, loss: 0.0271, p1: 50.16, p2: 37.73
INFO: Testing on 543488 frames
checkpoint/0522_0212_29_81/model_8_4884.pth
100%|████████████████████████████████████████████████████████████████████| 2123/2123 [08:30<00:00,  4.16it/s]
===Action=== ==p#1 mm== =p#2 mm=
Directions    43.36      33.06
Discussion    47.62      37.07
Eating        47.50      36.55
Greeting      47.73      37.30
Phoning       50.82      38.04
Photo         58.96      43.31
Posing        45.48      34.18
Purchases     46.98      33.73
Sitting       58.38      47.23
SittingDown   65.44      51.19
Smoking       49.12      38.85
Waiting       46.34      34.58
WalkDog       50.27      38.11
Walking       37.36      26.57
WalkTogether  37.24      28.20
Average       48.84      37.20
p1: 48.84, p2: 37.20