2023/05/15 23:55:30 epoch: 1, lr: 0.0010000, loss: 0.0571, p1: 54.87, p2: 45.61
2023/05/16 00:24:43 epoch: 2, lr: 0.0009500, loss: 0.0299, p1: 60.30, p2: 49.08
2023/05/16 00:53:56 epoch: 3, lr: 0.0009025, loss: 0.0251, p1: 56.22, p2: 43.91
2023/05/16 01:23:09 epoch: 4, lr: 0.0008574, loss: 0.0231, p1: 56.10, p2: 45.90
2023/05/16 01:52:22 epoch: 5, lr: 0.0008145, loss: 0.0219, p1: 60.18, p2: 45.46
2023/05/16 02:21:35 epoch: 6, lr: 0.0004073, loss: 0.0203, p1: 50.59, p2: 40.53
2023/05/16 02:50:47 epoch: 7, lr: 0.0003869, loss: 0.0199, p1: 50.06, p2: 39.04
2023/05/16 03:20:00 epoch: 8, lr: 0.0003675, loss: 0.0195, p1: 49.91, p2: 39.58
2023/05/16 03:49:13 epoch: 9, lr: 0.0003492, loss: 0.0192, p1: 52.21, p2: 39.03
2023/05/16 04:18:26 epoch: 10, lr: 0.0003317, loss: 0.0189, p1: 49.54, p2: 39.24
2023/05/16 04:47:38 epoch: 11, lr: 0.0001659, loss: 0.0185, p1: 50.46, p2: 38.55
2023/05/16 05:16:50 epoch: 12, lr: 0.0001576, loss: 0.0184, p1: 50.18, p2: 38.45
2023/05/16 05:46:02 epoch: 13, lr: 0.0001497, loss: 0.0183, p1: 50.21, p2: 38.54
2023/05/16 06:15:14 epoch: 14, lr: 0.0001422, loss: 0.0182, p1: 48.74, p2: 38.28
NFO: Testing on 543488 frames
checkpoint/0515_2326_12_81/model_14_4874.pth
100%|████████████████████████████████████████████████████████████████████| 2123/2123 [03:02<00:00, 11.61it/s]
===Action=== ==p#1 mm== =p#2 mm=
Directions    45.33      34.79
Discussion    48.22      38.22
Eating        45.26      36.82
Greeting      46.83      38.08
Phoning       52.56      39.76
Photo         59.44      44.91
Posing        45.20      34.28
Purchases     44.92      34.28
Sitting       58.13      46.92
SittingDown   67.52      53.50
Smoking       49.11      39.55
Waiting       45.77      34.96
WalkDog       50.47      40.32
Walking       35.00      27.68
WalkTogether  37.39      30.14
Average       48.74      38.28
p1: 48.74, p2: 38.28