2023/06/04 01:16:21 epoch: 1, lr: 0.0010000, loss: 0.0953, p1: 53.15, p2: 41.43
2023/06/04 01:47:56 epoch: 2, lr: 0.0009500, loss: 0.0541, p1: 50.59, p2: 39.78
2023/06/04 02:19:32 epoch: 3, lr: 0.0009025, loss: 0.0473, p1: 48.67, p2: 38.14
2023/06/04 02:51:06 epoch: 4, lr: 0.0008574, loss: 0.0438, p1: 47.97, p2: 37.93
2023/06/04 03:22:40 epoch: 5, lr: 0.0008145, loss: 0.0415, p1: 47.71, p2: 37.79
2023/06/04 03:54:14 epoch: 6, lr: 0.0004073, loss: 0.0387, p1: 48.30, p2: 37.48
2023/06/04 04:25:49 epoch: 7, lr: 0.0003869, loss: 0.0380, p1: 48.35, p2: 37.47
2023/06/04 04:57:21 epoch: 8, lr: 0.0003675, loss: 0.0374, p1: 48.11, p2: 37.10
2023/06/04 05:28:55 epoch: 9, lr: 0.0003492, loss: 0.0368, p1: 48.42, p2: 37.36
2023/06/04 06:00:28 epoch: 10, lr: 0.0003317, loss: 0.0363, p1: 47.49, p2: 37.08
2023/06/04 06:32:01 epoch: 11, lr: 0.0001659, loss: 0.0354, p1: 47.97, p2: 37.39
2023/06/04 07:03:34 epoch: 12, lr: 0.0001576, loss: 0.0352, p1: 48.17, p2: 37.39
2023/06/04 07:35:07 epoch: 13, lr: 0.0001497, loss: 0.0350, p1: 48.55, p2: 37.28
2023/06/04 08:06:40 epoch: 14, lr: 0.0001422, loss: 0.0348, p1: 47.99, p2: 37.44
INFO: Testing on 543488 frames
INFO: Trainable parameter count: 19.837545 Million
checkpoint/0604_0044_38_81/model_10_4748.pth
100%|████████████████████████████████████████████████████████████████████| 2123/2123 [02:56<00:00, 12.04it/s]
===Action=== ==p#1 mm== =p#2 mm=
Directions    44.43      33.65
Discussion    47.90      36.99
Eating        45.37      35.75
Greeting      45.76      36.86
Phoning       49.69      37.61
Photo         54.94      42.92
Posing        44.52      33.79
Purchases     44.33      33.98
Sitting       58.36      46.78
SittingDown   65.35      52.24
Smoking       47.49      38.16
Waiting       44.41      33.55
WalkDog       49.50      38.84
Walking       34.09      26.42
WalkTogether  36.17      28.72
Average       47.49      37.08
p1: 47.49, p2: 37.08
